2020-11-08 17:15:02.816404| Starting new session
2020-11-08 17:15:02.816404| Test files in C:\Users\cuprumtan\PycharmProjects\signature_analyzer\test files
2020-11-08 17:15:02.816404| Signature file C:\Users\cuprumtan\PycharmProjects\signature_analyzer\test files\HYMN.COM
2020-11-08 17:15:02.816404| Signature size 32bytes
2020-11-08 17:15:04.875858| Etalon signature: b'@@@v\x89\x92\x95s\x8f\x86\x94@@H\x83I@@\x96QN@QYYP@\xfd\x00\xfe\xfc\xfd'
2020-11-08 17:15:04.875858| Start searching...
2020-11-08 17:15:04.878851| Found signature in C:\Users\cuprumtan\PycharmProjects\signature_analyzer\binary\HYMN.COM File relevant.
2020-11-08 17:15:04.882840| Search accuracy: 100.0%
2020-11-08 17:15:32.518617| Starting new session
2020-11-08 17:15:32.518617| Test files in C:\Users\cuprumtan\PycharmProjects\signature_analyzer\test files
2020-11-08 17:15:32.518617| Signature file C:\Users\cuprumtan\PycharmProjects\signature_analyzer\test files\HYMN.COM
2020-11-08 17:15:32.518617| Signature size 256bytes
2020-11-08 17:15:34.286887| Etalon signature: b'\x00\x00\x00\x00\x00\x00\x00\x00\x00\x00\x00\x00\x00\x00\x00\x00\x00\x00\x00\x00\x00\x00\x00\x00\x00\x00\x00\x00\x00\x00\x00\x00\x00\x00\x00\x00\x00\x00\x00\x00\x00\x00\x00\x00\x00\x00\x00\x00\x00\x00\x00\x00\x00\x00\x00\x00\x00\x00\x00\x00\x00\x00\x00\x00\x00\x00\x00\x00\x00\x00\x00\x00\x00\x00\x00\x00\x00\x00\x00\x00\x00\x00\x00\x00\x00\x00\x00\x00\x00\x00\x00\x00\xfe\xff\xfd\x00\xfe@ussr@@@@@v\x89\x92\x95s\x8f\x86\x94@@H\x83I@@\x96QN@QYYP@\xfd\x00\xfe\xfc\xfd\x00J\x01\x03\x01\xb8\x01\x0b\x01J\x01\x06\x01r\x01\x01\x02\x9f\x01\t\x01\x15\x01\x02\x02\x15\x01\x03\x02r\x01\x08\x01J\x01\x05\x02&\x01\x01\x01J\x01\x08\x02\x15\x01\x03\x02\x15\x01\x03\x03&\x01\x08\x02&\x01\x05\x01J\x01\x01\x02r\x01\x08\x01r\x01\x04\x01r\x01\x04\x00r\x01\x08\x02\x9f\x01\x06\x02\xb8\x01\x01\x02\xee\x01\x0f\xff\xff\xff\x00\x00\x00\x01\x00\x00\x00\x00\x00\x01\x00\x01\xe4\x14\x00\x00\x00\x00\xe9\xb8\x0b\xa0\x00\x00\x00'
2020-11-08 17:15:34.286887| Start searching...
2020-11-08 17:15:34.297895| Found signature in C:\Users\cuprumtan\PycharmProjects\signature_analyzer\binary\HYMN.COM File relevant.
2020-11-08 17:15:34.315847| Search accuracy: 100.0%
2020-11-08 17:55:13.595646| Starting new session
2020-11-08 17:55:13.595646| Test files in C:\Users\cuprumtan\PycharmProjects\signature_analyzer\test files
2020-11-08 17:55:13.595646| Signature file C:\Users\cuprumtan\PycharmProjects\signature_analyzer\test files\HYMN.COM
2020-11-08 17:55:13.595646| Signature size 256bytes
2020-11-08 17:55:15.425431| Etalon signature: b'\x00\x00\x00\x00\x00\x00\x00\x00\x00\x00\x00\x00\x00\x00\x00\x00\x00\x00\x00\x00\x00\x00\x00\x00\x00\x00\x00\x00\x00\x00\x00\x00\x00\x00\x00\x00\x00\x00\x00\x00\x00\x00\x00\x00\x00\x00\x00\x00\x00\x00\x00\x00\x00\x00\x00\x00\x00\x00\x00\x00\x00\x00\x00\x00\x00\x00\x00\x00\x00\x00\x00\x00\x00\x00\x00\x00\x00\x00\x00\x00\x00\x00\x00\x00\x00\x00\x00\x00\x00\x00\x00\x00\xfe\xff\xfd\x00\xfe@ussr@@@@@v\x89\x92\x95s\x8f\x86\x94@@H\x83I@@\x96QN@QYYP@\xfd\x00\xfe\xfc\xfd\x00J\x01\x03\x01\xb8\x01\x0b\x01J\x01\x06\x01r\x01\x01\x02\x9f\x01\t\x01\x15\x01\x02\x02\x15\x01\x03\x02r\x01\x08\x01J\x01\x05\x02&\x01\x01\x01J\x01\x08\x02\x15\x01\x03\x02\x15\x01\x03\x03&\x01\x08\x02&\x01\x05\x01J\x01\x01\x02r\x01\x08\x01r\x01\x04\x01r\x01\x04\x00r\x01\x08\x02\x9f\x01\x06\x02\xb8\x01\x01\x02\xee\x01\x0f\xff\xff\xff\x00\x00\x00\x01\x00\x00\x00\x00\x00\x01\x00\x01\xe4\x14\x00\x00\x00\x00\xe9\xb8\x0b\xa0\x00\x00\x00'
2020-11-08 17:55:15.426425| Start searching...
2020-11-08 17:55:15.436439| Found signature in C:\Users\cuprumtan\PycharmProjects\signature_analyzer\binary\HYMN.COM File relevant.
2020-11-08 17:55:15.454449| Search accuracy: 100.0%
2020-11-08 17:55:19.823621| Starting new session
2020-11-08 17:55:19.823621| Test files in C:\Users\cuprumtan\PycharmProjects\signature_analyzer\test files
2020-11-08 17:55:19.823621| Signature file C:\Users\cuprumtan\PycharmProjects\signature_analyzer\test files\HYMN.COM
2020-11-08 17:55:19.823621| Signature size 256bytes
2020-11-08 17:55:21.762125| Etalon signature: b'\x00\x00\x00\x00\x00\x00\x00\x00\x00\x00\x00\x00\x00\x00\x00\x00\x00\x00\x00\x00\x00\x00\x00\x00\x00\x00\x00\x00\x00\x00\x00\x00\x00\x00\x00\x00\x00\x00\x00\x00\x00\x00\x00\x00\x00\x00\x00\x00\x00\x00\x00\x00\x00\x00\x00\x00\x00\x00\x00\x00\x00\x00\x00\x00\x00\x00\x00\x00\x00\x00\x00\x00\x00\x00\x00\x00\x00\x00\x00\x00\x00\x00\x00\x00\x00\x00\x00\x00\x00\x00\x00\x00\xfe\xff\xfd\x00\xfe@ussr@@@@@v\x89\x92\x95s\x8f\x86\x94@@H\x83I@@\x96QN@QYYP@\xfd\x00\xfe\xfc\xfd\x00J\x01\x03\x01\xb8\x01\x0b\x01J\x01\x06\x01r\x01\x01\x02\x9f\x01\t\x01\x15\x01\x02\x02\x15\x01\x03\x02r\x01\x08\x01J\x01\x05\x02&\x01\x01\x01J\x01\x08\x02\x15\x01\x03\x02\x15\x01\x03\x03&\x01\x08\x02&\x01\x05\x01J\x01\x01\x02r\x01\x08\x01r\x01\x04\x01r\x01\x04\x00r\x01\x08\x02\x9f\x01\x06\x02\xb8\x01\x01\x02\xee\x01\x0f\xff\xff\xff\x00\x00\x00\x01\x00\x00\x00\x00\x00\x01\x00\x01\xe4\x14\x00\x00\x00\x00\xe9\xb8\x0b\xa0\x00\x00\x00'
2020-11-08 17:55:21.762125| Start searching...
2020-11-08 17:55:21.773095| Found signature in C:\Users\cuprumtan\PycharmProjects\signature_analyzer\binary\HYMN.COM File relevant.
2020-11-08 17:55:21.792065| Search accuracy: 100.0%
2020-11-08 17:55:42.507484| Starting new session
2020-11-08 17:55:42.507484| Test files in C:\Users\cuprumtan\PycharmProjects\signature_analyzer\test files
2020-11-08 17:55:42.507484| Signature file C:\Users\cuprumtan\PycharmProjects\signature_analyzer\test files\HYMN.COM
2020-11-08 17:55:42.507484| Signature size 256bytes
2020-11-08 17:55:44.447295| Etalon signature: b'\x00\x00\x00\x00\x00\x00\x00\x00\x00\x00\x00\x00\x00\x00\x00\x00\x00\x00\x00\x00\x00\x00\x00\x00\x00\x00\x00\x00\x00\x00\x00\x00\x00\x00\x00\x00\x00\x00\x00\x00\x00\x00\x00\x00\x00\x00\x00\x00\x00\x00\x00\x00\x00\x00\x00\x00\x00\x00\x00\x00\x00\x00\x00\x00\x00\x00\x00\x00\x00\x00\x00\x00\x00\x00\x00\x00\x00\x00\x00\x00\x00\x00\x00\x00\x00\x00\x00\x00\x00\x00\x00\x00\xfe\xff\xfd\x00\xfe@ussr@@@@@v\x89\x92\x95s\x8f\x86\x94@@H\x83I@@\x96QN@QYYP@\xfd\x00\xfe\xfc\xfd\x00J\x01\x03\x01\xb8\x01\x0b\x01J\x01\x06\x01r\x01\x01\x02\x9f\x01\t\x01\x15\x01\x02\x02\x15\x01\x03\x02r\x01\x08\x01J\x01\x05\x02&\x01\x01\x01J\x01\x08\x02\x15\x01\x03\x02\x15\x01\x03\x03&\x01\x08\x02&\x01\x05\x01J\x01\x01\x02r\x01\x08\x01r\x01\x04\x01r\x01\x04\x00r\x01\x08\x02\x9f\x01\x06\x02\xb8\x01\x01\x02\xee\x01\x0f\xff\xff\xff\x00\x00\x00\x01\x00\x00\x00\x00\x00\x01\x00\x01\xe4\x14\x00\x00\x00\x00\xe9\xb8\x0b\xa0\x00\x00\x00'
2020-11-08 17:55:53.943080| Starting new session
2020-11-08 17:55:53.943080| Test files in C:\Users\cuprumtan\PycharmProjects\signature_analyzer\test files
2020-11-08 17:55:53.943080| Signature file C:\Users\cuprumtan\PycharmProjects\signature_analyzer\test files\HYMN.COM
2020-11-08 17:55:53.943080| Signature size 256bytes
2020-11-08 17:55:55.759223| Etalon signature: b'\x00\x00\x00\x00\x00\x00\x00\x00\x00\x00\x00\x00\x00\x00\x00\x00\x00\x00\x00\x00\x00\x00\x00\x00\x00\x00\x00\x00\x00\x00\x00\x00\x00\x00\x00\x00\x00\x00\x00\x00\x00\x00\x00\x00\x00\x00\x00\x00\x00\x00\x00\x00\x00\x00\x00\x00\x00\x00\x00\x00\x00\x00\x00\x00\x00\x00\x00\x00\x00\x00\x00\x00\x00\x00\x00\x00\x00\x00\x00\x00\x00\x00\x00\x00\x00\x00\x00\x00\x00\x00\x00\x00\xfe\xff\xfd\x00\xfe@ussr@@@@@v\x89\x92\x95s\x8f\x86\x94@@H\x83I@@\x96QN@QYYP@\xfd\x00\xfe\xfc\xfd\x00J\x01\x03\x01\xb8\x01\x0b\x01J\x01\x06\x01r\x01\x01\x02\x9f\x01\t\x01\x15\x01\x02\x02\x15\x01\x03\x02r\x01\x08\x01J\x01\x05\x02&\x01\x01\x01J\x01\x08\x02\x15\x01\x03\x02\x15\x01\x03\x03&\x01\x08\x02&\x01\x05\x01J\x01\x01\x02r\x01\x08\x01r\x01\x04\x01r\x01\x04\x00r\x01\x08\x02\x9f\x01\x06\x02\xb8\x01\x01\x02\xee\x01\x0f\xff\xff\xff\x00\x00\x00\x01\x00\x00\x00\x00\x00\x01\x00\x01\xe4\x14\x00\x00\x00\x00\xe9\xb8\x0b\xa0\x00\x00\x00'
2020-11-08 17:55:55.759223| Start searching...
2020-11-08 17:55:55.769232| Found signature in C:\Users\cuprumtan\PycharmProjects\signature_analyzer\binary\HYMN.COM File relevant.
2020-11-08 17:55:55.787184| Search accuracy: 100.0%
2020-11-08 17:56:05.170631| Starting new session
2020-11-08 17:56:05.170631| Test files in C:\Users\cuprumtan\PycharmProjects\signature_analyzer\test files
2020-11-08 17:56:05.170631| Signature file C:\Users\cuprumtan\PycharmProjects\signature_analyzer\test files\HYMN.COM
2020-11-08 17:56:05.170631| Signature size 56bytes
2020-11-08 17:56:07.306916| Etalon signature: b'sr@@@@@v\x89\x92\x95s\x8f\x86\x94@@H\x83I@@\x96QN@QYYP@\xfd\x00\xfe\xfc\xfd\x00J\x01\x03\x01\xb8\x01\x0b\x01J\x01\x06\x01r\x01\x01\x02\x9f\x01\t'
2020-11-08 17:56:07.306916| Start searching...
2020-11-08 17:56:07.310906| Found signature in C:\Users\cuprumtan\PycharmProjects\signature_analyzer\binary\HYMN.COM File relevant.
2020-11-08 17:56:07.314895| Search accuracy: 100.0%
2020-11-08 17:56:13.378061| Starting new session
2020-11-08 17:56:13.378061| Test files in C:\Users\cuprumtan\PycharmProjects\signature_analyzer\test files
2020-11-08 17:56:13.378061| Signature file C:\Users\cuprumtan\PycharmProjects\signature_analyzer\test files\HYMN.COM
2020-11-08 17:56:13.378061| Signature size 32bytes
2020-11-08 17:56:15.474490| Etalon signature: b'@@@v\x89\x92\x95s\x8f\x86\x94@@H\x83I@@\x96QN@QYYP@\xfd\x00\xfe\xfc\xfd'
2020-11-08 17:56:15.474490| Start searching...
2020-11-08 17:56:15.478479| Found signature in C:\Users\cuprumtan\PycharmProjects\signature_analyzer\binary\HYMN.COM File relevant.
2020-11-08 17:56:15.482468| Search accuracy: 100.0%
